#! /c/Source/iverilog-install/bin/vvp
:ivl_version "12.0 (devel)" "(s20150603-1110-g18392a46)";
:ivl_delay_selection "TYPICAL";
:vpi_time_precision + 0;
:vpi_module "D:\iverilog\bin\iverilog\lib\ivl\system.vpi";
:vpi_module "D:\iverilog\bin\iverilog\lib\ivl\vhdl_sys.vpi";
:vpi_module "D:\iverilog\bin\iverilog\lib\ivl\vhdl_textio.vpi";
:vpi_module "D:\iverilog\bin\iverilog\lib\ivl\v2005_math.vpi";
:vpi_module "D:\iverilog\bin\iverilog\lib\ivl\va_math.vpi";
S_0000026a20046860 .scope module, "MODULE_PROCESSOR_CORE" "MODULE_PROCESSOR_CORE" 2 1;
 .timescale 0 0;
    .port_info 0 /INPUT 1 "clk";
    .port_info 1 /INPUT 19 "picture_addr";
    .port_info 2 /INPUT 12 "raw_color";
    .port_info 3 /INPUT 3 "state_info";
    .port_info 4 /INPUT 3 "state_order";
    .port_info 5 /OUTPUT 12 "ripe_color";
v0000026a2004bc60_0 .var "buffer", 11 0;
o0000026a1ff87008 .functor BUFZ 1, C4<z>; HiZ drive
v0000026a200469f0_0 .net "clk", 0 0, o0000026a1ff87008;  0 drivers
v0000026a20046a90_0 .var "cnt", 1 0;
v0000026a20046b30_0 .var "kernel_size", 1 0;
o0000026a1ff87098 .functor BUFZ 19, C4<zzzzzzzzzzzzzzzzzzz>; HiZ drive
v0000026a20046bd0_0 .net "picture_addr", 18 0, o0000026a1ff87098;  0 drivers
o0000026a1ff870c8 .functor BUFZ 12, C4<zzzzzzzzzzzz>; HiZ drive
v0000026a20046c70_0 .net "raw_color", 11 0, o0000026a1ff870c8;  0 drivers
v0000026a1ffc9840_0 .var "ripe_color", 11 0;
o0000026a1ff87128 .functor BUFZ 3, C4<zzz>; HiZ drive
v0000026a1ffc98e0_0 .net "state_info", 2 0, o0000026a1ff87128;  0 drivers
o0000026a1ff87158 .functor BUFZ 3, C4<zzz>; HiZ drive
v0000026a1ffc9980_0 .net "state_order", 2 0, o0000026a1ff87158;  0 drivers
E_0000026a20049fa0 .event posedge, v0000026a200469f0_0;
    .scope S_0000026a20046860;
T_0 ;
    %pushi/vec4 1, 0, 2;
    %store/vec4 v0000026a20046b30_0, 0, 2;
    %pushi/vec4 0, 0, 12;
    %store/vec4 v0000026a2004bc60_0, 0, 12;
    %pushi/vec4 0, 0, 2;
    %store/vec4 v0000026a20046a90_0, 0, 2;
    %end;
    .thread T_0;
    .scope S_0000026a20046860;
T_1 ;
    %wait E_0000026a20049fa0;
    %load/vec4 v0000026a1ffc98e0_0;
    %pad/u 32;
    %cmpi/e 0, 0, 32;
    %jmp/0xz  T_1.0, 4;
    %pushi/vec4 1, 0, 2;
    %store/vec4 v0000026a20046b30_0, 0, 2;
    %pushi/vec4 0, 0, 2;
    %store/vec4 v0000026a20046a90_0, 0, 2;
T_1.2 ;
    %load/vec4 v0000026a20046a90_0;
    %load/vec4 v0000026a20046b30_0;
    %load/vec4 v0000026a20046b30_0;
    %mul;
    %cmp/u;
    %jmp/0xz T_1.3, 5;
    %load/vec4 v0000026a20046c70_0;
    %parti/s 4, 8, 5;
    %pad/u 12;
    %muli 30, 0, 12;
    %load/vec4 v0000026a20046c70_0;
    %parti/s 4, 4, 4;
    %pad/u 12;
    %muli 59, 0, 12;
    %add;
    %load/vec4 v0000026a20046c70_0;
    %parti/s 4, 0, 2;
    %pad/u 12;
    %muli 11, 0, 12;
    %add;
    %pushi/vec4 100, 0, 12;
    %div;
    %store/vec4 v0000026a2004bc60_0, 0, 12;
    %load/vec4 v0000026a20046a90_0;
    %addi 1, 0, 2;
    %store/vec4 v0000026a20046a90_0, 0, 2;
    %jmp T_1.2;
T_1.3 ;
T_1.0 ;
    %jmp T_1;
    .thread T_1;
# The file index is used to find the file name in the following table.
:file_names 3;
    "N/A";
    "<interactive>";
    "MODULE_PROCESSOR_CORE.v";
